[2020-10-09T12:04:23.792] [DEBUG] cheese - login => username:zs3,password:12333333
[2020-10-09T12:04:23.793] [DEBUG] cheese - zs3
[2020-10-09T12:04:23.803] [DEBUG] cheese - null
[2020-10-09T12:04:23.804] [DEBUG] cheese - null
[2020-10-09T12:06:02.006] [DEBUG] cheese - login => username:zsee,password:123effd
[2020-10-09T12:06:02.006] [DEBUG] cheese - zsee
[2020-10-09T12:06:02.008] [DEBUG] cheese - null
[2020-10-09T12:06:02.008] [DEBUG] cheese - null
[2020-10-09T12:07:56.649] [DEBUG] cheese - login => username:zsee,password:123eee
[2020-10-09T12:07:56.650] [DEBUG] cheese - zsee
[2020-10-09T12:07:56.654] [DEBUG] cheese - null
[2020-10-09T12:07:56.655] [DEBUG] cheese - null
[2020-10-09T12:12:08.754] [DEBUG] cheese - login => username:zsee,password:123eeeee
[2020-10-09T12:12:08.754] [DEBUG] cheese - zsee
[2020-10-09T12:12:08.756] [DEBUG] cheese - null
[2020-10-09T12:12:08.756] [DEBUG] cheese - null
[2020-10-09T12:13:39.426] [DEBUG] cheese - login => username:zs11,password:1231111
[2020-10-09T12:13:39.426] [DEBUG] cheese - zs11
[2020-10-09T12:13:39.428] [DEBUG] cheese - null
[2020-10-09T12:13:39.428] [DEBUG] cheese - null
[2020-10-09T12:14:08.373] [DEBUG] cheese - login => username:zsq11,password:1231111
[2020-10-09T12:14:08.373] [DEBUG] cheese - zsq11
[2020-10-09T12:14:08.375] [DEBUG] cheese - null
[2020-10-09T12:14:08.375] [DEBUG] cheese - null
[2020-10-09T12:15:22.314] [DEBUG] cheese - login => username:zs11,password:1231111
[2020-10-09T12:15:22.314] [DEBUG] cheese - zs11
[2020-10-09T12:15:22.317] [DEBUG] cheese - null
[2020-10-09T12:15:22.317] [DEBUG] cheese - null
[2020-10-09T12:16:14.785] [DEBUG] cheese - login => username:zs11,password:123111
[2020-10-09T12:16:14.785] [DEBUG] cheese - zs11
[2020-10-09T12:16:14.787] [DEBUG] cheese - null
[2020-10-09T12:16:14.787] [DEBUG] cheese - null
[2020-10-09T12:16:50.780] [DEBUG] cheese - login => username:zs11,password:123111
[2020-10-09T12:16:50.781] [DEBUG] cheese - zs11
[2020-10-09T12:16:50.783] [DEBUG] cheese - null
[2020-10-09T12:16:50.783] [DEBUG] cheese - null
[2020-10-09T12:17:31.744] [DEBUG] cheese - login => username:zs11,password:123111
[2020-10-09T12:17:31.744] [DEBUG] cheese - zs11
[2020-10-09T12:17:31.747] [DEBUG] cheese - null
[2020-10-09T12:17:31.747] [DEBUG] cheese - null
[2020-10-09T12:18:50.316] [DEBUG] cheese - login => username:admin,password:123456
[2020-10-09T12:18:50.316] [DEBUG] cheese - admin
[2020-10-09T12:18:50.320] [DEBUG] cheese - null
[2020-10-09T12:18:50.320] [DEBUG] cheese - null
[2020-10-09T12:19:51.656] [DEBUG] cheese - login => username:zs11,password:123111
[2020-10-09T12:19:51.656] [DEBUG] cheese - zs11
[2020-10-09T12:19:51.660] [DEBUG] cheese - null
[2020-10-09T12:19:51.660] [DEBUG] cheese - null
[2020-10-09T12:20:45.505] [DEBUG] cheese - login => username:zs11,password:123111
[2020-10-09T12:20:45.505] [DEBUG] cheese - zs11
[2020-10-09T12:20:45.507] [DEBUG] cheese - null
[2020-10-09T12:20:45.508] [DEBUG] cheese - null
[2020-10-09T12:21:01.694] [DEBUG] cheese - login => username:zs11,password:123111
[2020-10-09T12:21:01.694] [DEBUG] cheese - zs11
[2020-10-09T12:21:01.699] [DEBUG] cheese - null
[2020-10-09T12:21:01.699] [DEBUG] cheese - null
[2020-10-09T12:22:56.679] [DEBUG] cheese - login => username:zs11,password:1231111
[2020-10-09T12:22:56.679] [DEBUG] cheese - zs11
[2020-10-09T12:22:56.683] [DEBUG] cheese - null
[2020-10-09T12:22:56.684] [DEBUG] cheese - null
[2020-10-09T12:23:09.837] [DEBUG] cheese - login => username:admin,password:123456
[2020-10-09T12:23:09.837] [DEBUG] cheese - admin
[2020-10-09T12:23:09.841] [DEBUG] cheese - null
[2020-10-09T12:23:09.841] [DEBUG] cheese - null
[2020-10-09T12:25:14.428] [DEBUG] cheese - login => username:zs11,password:1231111
[2020-10-09T12:25:14.428] [DEBUG] cheese - zs11
[2020-10-09T12:25:14.431] [DEBUG] cheese - null
[2020-10-09T12:25:14.431] [DEBUG] cheese - null
[2020-10-09T12:25:31.076] [DEBUG] cheese - login => username:zs111,password:1231111
[2020-10-09T12:25:31.076] [DEBUG] cheese - zs111
[2020-10-09T12:25:31.078] [DEBUG] cheese - null
[2020-10-09T12:25:31.079] [DEBUG] cheese - null
[2020-10-09T12:26:50.667] [DEBUG] cheese - login => username:zs11,password:123111
[2020-10-09T12:26:50.667] [DEBUG] cheese - zs11
[2020-10-09T12:26:50.670] [DEBUG] cheese - null
[2020-10-09T12:26:50.670] [DEBUG] cheese - null
[2020-10-09T12:27:09.034] [DEBUG] cheese - login => username:zs11,password:1231111
[2020-10-09T12:27:09.034] [DEBUG] cheese - zs11
[2020-10-09T12:27:09.036] [DEBUG] cheese - null
[2020-10-09T12:27:09.036] [DEBUG] cheese - null
[2020-10-09T12:27:25.592] [DEBUG] cheese - login => username:zs111,password:1231111
[2020-10-09T12:27:25.592] [DEBUG] cheese - zs111
[2020-10-09T12:27:25.597] [DEBUG] cheese - null
[2020-10-09T12:27:25.597] [DEBUG] cheese - null
[2020-10-09T12:27:49.365] [DEBUG] cheese - login => username:zs11,password:123111
[2020-10-09T12:27:49.366] [DEBUG] cheese - zs11
[2020-10-09T12:27:49.369] [DEBUG] cheese - null
[2020-10-09T12:27:49.370] [DEBUG] cheese - null
[2020-10-09T12:27:51.190] [DEBUG] cheese - login => username:zs11,password:1231111
[2020-10-09T12:27:51.190] [DEBUG] cheese - zs11
[2020-10-09T12:27:51.192] [DEBUG] cheese - null
[2020-10-09T12:27:51.192] [DEBUG] cheese - null
[2020-10-09T12:28:04.174] [DEBUG] cheese - login => username:zs111,password:123111
[2020-10-09T12:28:04.174] [DEBUG] cheese - zs111
[2020-10-09T12:28:04.175] [DEBUG] cheese - null
[2020-10-09T12:28:04.175] [DEBUG] cheese - null
[2020-10-09T12:29:04.914] [DEBUG] cheese - login => username:zs111,password:1231111
[2020-10-09T12:29:04.915] [DEBUG] cheese - zs111
[2020-10-09T12:29:04.920] [DEBUG] cheese - null
[2020-10-09T12:29:04.920] [DEBUG] cheese - null
[2020-10-09T12:29:38.126] [DEBUG] cheese - login => username:zs111,password:1231111
[2020-10-09T12:29:38.127] [DEBUG] cheese - zs111
[2020-10-09T12:29:38.131] [DEBUG] cheese - null
[2020-10-09T12:29:38.132] [DEBUG] cheese - null
[2020-10-09T12:29:38.908] [DEBUG] cheese - login => username:zs111,password:1231111
[2020-10-09T12:29:38.908] [DEBUG] cheese - zs111
[2020-10-09T12:29:38.911] [DEBUG] cheese - null
[2020-10-09T12:29:38.911] [DEBUG] cheese - null
[2020-10-09T12:29:44.833] [DEBUG] cheese - login => username:zs11,password:1231111
[2020-10-09T12:29:44.834] [DEBUG] cheese - zs11
[2020-10-09T12:29:44.837] [DEBUG] cheese - null
[2020-10-09T12:29:44.837] [DEBUG] cheese - null
[2020-10-09T12:30:26.510] [DEBUG] cheese - login => username:zs11,password:1231111
[2020-10-09T12:30:26.511] [DEBUG] cheese - zs11
[2020-10-09T12:30:26.515] [DEBUG] cheese - null
[2020-10-09T12:30:26.515] [DEBUG] cheese - null
[2020-10-09T12:30:46.873] [DEBUG] cheese - login => username:zs11,password:123111
[2020-10-09T12:30:46.873] [DEBUG] cheese - zs11
[2020-10-09T12:30:46.876] [DEBUG] cheese - null
[2020-10-09T12:30:46.877] [DEBUG] cheese - null
[2020-10-09T12:30:47.925] [DEBUG] cheese - login => username:zs11,password:123111
[2020-10-09T12:30:47.926] [DEBUG] cheese - zs11
[2020-10-09T12:30:47.929] [DEBUG] cheese - null
[2020-10-09T12:30:47.929] [DEBUG] cheese - null
[2020-10-09T12:30:48.453] [DEBUG] cheese - login => username:zs11,password:123111
[2020-10-09T12:30:48.453] [DEBUG] cheese - zs11
[2020-10-09T12:30:48.456] [DEBUG] cheese - null
[2020-10-09T12:30:48.456] [DEBUG] cheese - null
[2020-10-09T12:30:48.612] [DEBUG] cheese - login => username:zs11,password:123111
[2020-10-09T12:30:48.613] [DEBUG] cheese - zs11
[2020-10-09T12:30:48.617] [DEBUG] cheese - null
[2020-10-09T12:30:48.618] [DEBUG] cheese - null
[2020-10-09T12:31:17.431] [DEBUG] cheese - login => username:zs11,password:123111
[2020-10-09T12:31:17.431] [DEBUG] cheese - zs11
[2020-10-09T12:31:17.434] [DEBUG] cheese - null
[2020-10-09T12:31:17.434] [DEBUG] cheese - null
[2020-10-09T12:32:48.315] [DEBUG] cheese - login => username:zs111,password:123111
[2020-10-09T12:32:48.316] [DEBUG] cheese - zs111
[2020-10-09T12:32:48.319] [DEBUG] cheese - null
[2020-10-09T12:32:48.319] [DEBUG] cheese - null
[2020-10-09T12:33:28.844] [DEBUG] cheese - login => username:zs11,password:123111
[2020-10-09T12:33:28.844] [DEBUG] cheese - zs11
[2020-10-09T12:33:28.848] [DEBUG] cheese - null
[2020-10-09T12:33:28.848] [DEBUG] cheese - null
[2020-10-09T12:33:30.451] [DEBUG] cheese - login => username:zs11,password:123111
[2020-10-09T12:33:30.451] [DEBUG] cheese - zs11
[2020-10-09T12:33:30.454] [DEBUG] cheese - null
[2020-10-09T12:33:30.454] [DEBUG] cheese - null
[2020-10-09T12:33:31.100] [DEBUG] cheese - login => username:zs11,password:123111
[2020-10-09T12:33:31.100] [DEBUG] cheese - zs11
[2020-10-09T12:33:31.104] [DEBUG] cheese - null
[2020-10-09T12:33:31.105] [DEBUG] cheese - null
[2020-10-09T12:33:59.126] [DEBUG] cheese - login => username:zs11,password:123111
[2020-10-09T12:33:59.127] [DEBUG] cheese - zs11
[2020-10-09T12:33:59.131] [DEBUG] cheese - null
[2020-10-09T12:33:59.131] [DEBUG] cheese - null
[2020-10-09T12:34:20.015] [DEBUG] cheese - login => username:zs11,password:123111
[2020-10-09T12:34:20.015] [DEBUG] cheese - zs11
[2020-10-09T12:34:20.019] [DEBUG] cheese - null
[2020-10-09T12:34:20.019] [DEBUG] cheese - null
[2020-10-09T12:34:20.898] [DEBUG] cheese - login => username:zs11,password:123111
[2020-10-09T12:34:20.898] [DEBUG] cheese - zs11
[2020-10-09T12:34:20.902] [DEBUG] cheese - null
[2020-10-09T12:34:20.903] [DEBUG] cheese - null
[2020-10-09T12:34:21.113] [DEBUG] cheese - login => username:zs11,password:123111
[2020-10-09T12:34:21.114] [DEBUG] cheese - zs11
[2020-10-09T12:34:21.119] [DEBUG] cheese - null
[2020-10-09T12:34:21.119] [DEBUG] cheese - null
[2020-10-09T12:34:21.465] [DEBUG] cheese - login => username:zs11,password:123111
[2020-10-09T12:34:21.466] [DEBUG] cheese - zs11
[2020-10-09T12:34:21.469] [DEBUG] cheese - null
[2020-10-09T12:34:21.470] [DEBUG] cheese - null
[2020-10-09T12:34:21.633] [DEBUG] cheese - login => username:zs11,password:123111
[2020-10-09T12:34:21.634] [DEBUG] cheese - zs11
[2020-10-09T12:34:21.638] [DEBUG] cheese - null
[2020-10-09T12:34:21.638] [DEBUG] cheese - null
[2020-10-09T12:34:49.858] [DEBUG] cheese - login => username:zs111,password:123111
[2020-10-09T12:34:49.858] [DEBUG] cheese - zs111
[2020-10-09T12:34:49.862] [DEBUG] cheese - null
[2020-10-09T12:34:49.863] [DEBUG] cheese - null
[2020-10-09T12:34:57.625] [DEBUG] cheese - login => username:admin,password:123456
[2020-10-09T12:34:57.625] [DEBUG] cheese - admin
[2020-10-09T12:34:57.630] [DEBUG] cheese - null
[2020-10-09T12:34:57.631] [DEBUG] cheese - null
[2020-10-09T12:56:03.808] [DEBUG] cheese - login => username:zs11,password:1231111
[2020-10-09T12:56:03.808] [DEBUG] cheese - zs11
[2020-10-09T12:56:03.814] [DEBUG] cheese - null
[2020-10-09T12:56:03.814] [DEBUG] cheese - null
[2020-10-09T12:56:12.081] [DEBUG] cheese - login => username:linken,password:123456
[2020-10-09T12:56:12.081] [DEBUG] cheese - linken
[2020-10-09T12:56:12.083] [DEBUG] cheese - null
[2020-10-09T12:56:12.083] [DEBUG] cheese - null
[2020-10-09T12:57:06.962] [DEBUG] cheese - login => username:Linken,password:123456
[2020-10-09T12:57:06.963] [DEBUG] cheese - Linken
[2020-10-09T12:57:06.967] [DEBUG] cheese - null
[2020-10-09T12:57:06.967] [DEBUG] cheese - null
[2020-10-09T12:57:07.992] [DEBUG] cheese - login => username:Linken,password:123456
[2020-10-09T12:57:07.993] [DEBUG] cheese - Linken
[2020-10-09T12:57:07.995] [DEBUG] cheese - null
[2020-10-09T12:57:07.995] [DEBUG] cheese - null
[2020-10-09T12:58:00.009] [DEBUG] cheese - login => username:Linken,password:123456
[2020-10-09T12:58:00.009] [DEBUG] cheese - Linken
[2020-10-09T12:58:00.015] [DEBUG] cheese - null
[2020-10-09T12:58:00.015] [DEBUG] cheese - null
[2020-10-09T12:58:13.863] [DEBUG] cheese - login => username:linken,password:123456
[2020-10-09T12:58:13.863] [DEBUG] cheese - linken
[2020-10-09T12:58:13.866] [DEBUG] cheese - null
[2020-10-09T12:58:13.866] [DEBUG] cheese - null
[2020-10-09T13:04:40.633] [DEBUG] cheese - login => username:admin,password:123456
[2020-10-09T13:04:40.634] [DEBUG] cheese - admin
[2020-10-09T13:04:40.641] [DEBUG] cheese - null
[2020-10-09T13:04:40.641] [DEBUG] cheese - null
[2020-10-09T13:23:37.484] [DEBUG] cheese - login => username:zs11,password:1231111
[2020-10-09T13:23:37.485] [DEBUG] cheese - zs11
[2020-10-09T13:23:37.492] [DEBUG] cheese - null
[2020-10-09T13:23:37.492] [DEBUG] cheese - null
[2020-10-09T13:23:48.848] [DEBUG] cheese - login => username:admin,password:123456
[2020-10-09T13:23:48.848] [DEBUG] cheese - admin
[2020-10-09T13:23:48.861] [DEBUG] cheese - null
[2020-10-09T13:23:48.861] [DEBUG] cheese - null
[2020-10-09T13:45:39.441] [DEBUG] cheese - login => username:admin,password:123456
[2020-10-09T13:45:39.441] [DEBUG] cheese - admin
[2020-10-09T13:45:39.444] [DEBUG] cheese - null
[2020-10-09T13:45:39.444] [DEBUG] cheese - null
[2020-10-09T13:47:24.953] [DEBUG] cheese - login => username:admin,password:123456
[2020-10-09T13:47:24.953] [DEBUG] cheese - admin
[2020-10-09T13:47:24.957] [DEBUG] cheese - null
[2020-10-09T13:47:24.957] [DEBUG] cheese - null
[2020-10-09T13:52:30.287] [DEBUG] cheese - login => username:admin,password:123456
[2020-10-09T13:52:30.287] [DEBUG] cheese - admin
[2020-10-09T13:52:30.290] [DEBUG] cheese - null
[2020-10-09T13:52:30.290] [DEBUG] cheese - null
[2020-10-09T13:59:22.420] [DEBUG] cheese - login => username:admin,password:123456
[2020-10-09T13:59:22.420] [DEBUG] cheese - admin
[2020-10-09T13:59:22.424] [DEBUG] cheese - null
[2020-10-09T13:59:22.424] [DEBUG] cheese - null
[2020-10-09T14:07:04.841] [DEBUG] cheese - login => username:admin,password:123456
[2020-10-09T14:07:04.846] [DEBUG] cheese - admin
[2020-10-09T14:07:04.877] [DEBUG] cheese - null
[2020-10-09T14:07:04.878] [DEBUG] cheese - null
[2020-10-09T14:41:54.396] [DEBUG] cheese - login => username:admin,password:123456
[2020-10-09T14:41:54.397] [DEBUG] cheese - admin
[2020-10-09T14:41:54.404] [DEBUG] cheese - null
[2020-10-09T14:41:54.405] [DEBUG] cheese - null
[2020-10-09T14:41:58.240] [DEBUG] cheese - login => username:admin,password:123456
[2020-10-09T14:41:58.240] [DEBUG] cheese - admin
[2020-10-09T14:41:58.244] [DEBUG] cheese - null
[2020-10-09T14:41:58.244] [DEBUG] cheese - null
[2020-10-09T14:48:53.965] [DEBUG] cheese - login => username:admin,password:123456
[2020-10-09T14:48:53.966] [DEBUG] cheese - admin
[2020-10-09T14:48:53.972] [DEBUG] cheese - null
[2020-10-09T14:48:53.972] [DEBUG] cheese - null
[2020-10-09T15:01:18.948] [DEBUG] cheese - login => username:admin,password:123456
[2020-10-09T15:01:18.949] [DEBUG] cheese - admin
[2020-10-09T15:25:33.563] [DEBUG] cheese - login => username:admin,password:123456
[2020-10-09T15:25:33.563] [DEBUG] cheese - admin
[2020-10-09T15:25:33.611] [DEBUG] cheese - null
[2020-10-09T15:25:33.612] [DEBUG] cheese - null
[2020-10-09T15:25:33.710] [DEBUG] cheese - null
[2020-10-09T15:25:33.710] [DEBUG] cheese - null
[2020-10-09T15:25:33.791] [DEBUG] cheese - login => username:admin,password:123456
[2020-10-09T15:25:33.791] [DEBUG] cheese - admin
[2020-10-09T15:25:33.793] [DEBUG] cheese - login => username:admin,password:123456
[2020-10-09T15:25:33.793] [DEBUG] cheese - admin
[2020-10-09T15:25:33.794] [DEBUG] cheese - login => username:admin,password:123456
[2020-10-09T15:25:33.794] [DEBUG] cheese - admin
[2020-10-09T15:25:33.796] [DEBUG] cheese - login => username:admin,password:123456
[2020-10-09T15:25:33.796] [DEBUG] cheese - admin
[2020-10-09T15:25:33.798] [DEBUG] cheese - login => username:admin,password:123456
[2020-10-09T15:25:33.798] [DEBUG] cheese - admin
[2020-10-09T15:25:33.799] [DEBUG] cheese - login => username:admin,password:123456
[2020-10-09T15:25:33.799] [DEBUG] cheese - admin
[2020-10-09T15:25:33.801] [DEBUG] cheese - login => username:admin,password:123456
[2020-10-09T15:25:33.801] [DEBUG] cheese - admin
[2020-10-09T15:25:33.805] [DEBUG] cheese - login => username:admin,password:123456
[2020-10-09T15:25:33.805] [DEBUG] cheese - admin
[2020-10-09T15:25:33.807] [DEBUG] cheese - login => username:admin,password:123456
[2020-10-09T15:25:33.807] [DEBUG] cheese - admin
[2020-10-09T15:25:33.811] [DEBUG] cheese - null
[2020-10-09T15:25:33.811] [DEBUG] cheese - null
[2020-10-09T15:25:33.891] [DEBUG] cheese - null
[2020-10-09T15:25:33.891] [DEBUG] cheese - null
[2020-10-09T15:25:33.981] [DEBUG] cheese - null
[2020-10-09T15:25:33.981] [DEBUG] cheese - null
[2020-10-09T15:25:34.060] [DEBUG] cheese - null
[2020-10-09T15:25:34.060] [DEBUG] cheese - null
[2020-10-09T15:25:34.139] [DEBUG] cheese - null
[2020-10-09T15:25:34.139] [DEBUG] cheese - null
[2020-10-09T15:25:34.218] [DEBUG] cheese - null
[2020-10-09T15:25:34.218] [DEBUG] cheese - null
[2020-10-09T15:25:34.307] [DEBUG] cheese - null
[2020-10-09T15:25:34.307] [DEBUG] cheese - null
[2020-10-09T15:25:34.398] [DEBUG] cheese - null
[2020-10-09T15:25:34.398] [DEBUG] cheese - null
[2020-10-09T15:25:34.481] [DEBUG] cheese - null
[2020-10-09T15:25:34.481] [DEBUG] cheese - null
[2020-10-09T15:26:07.651] [DEBUG] cheese - login => username:admin,password:123456
[2020-10-09T15:26:07.653] [DEBUG] cheese - admin
[2020-10-09T15:26:07.664] [DEBUG] cheese - null
[2020-10-09T15:26:07.664] [DEBUG] cheese - null
[2020-10-09T15:26:43.421] [DEBUG] cheese - login => username:admin,password:123456
[2020-10-09T15:26:43.421] [DEBUG] cheese - admin
[2020-10-09T15:26:43.426] [DEBUG] cheese - null
[2020-10-09T15:26:43.426] [DEBUG] cheese - null
[2020-10-09T15:26:54.268] [DEBUG] cheese - login => username:admin,password:123456
[2020-10-09T15:26:54.268] [DEBUG] cheese - admin
[2020-10-09T15:26:54.273] [DEBUG] cheese - null
[2020-10-09T15:26:54.274] [DEBUG] cheese - null
[2020-10-09T15:28:35.402] [DEBUG] cheese - login => username:admin,password:123456
[2020-10-09T15:28:35.402] [DEBUG] cheese - admin
[2020-10-09T15:28:46.402] [DEBUG] cheese - login => username:admin,password:123456
[2020-10-09T15:28:46.402] [DEBUG] cheese - admin
[2020-10-09T15:28:46.412] [DEBUG] cheese - null
[2020-10-09T15:28:46.412] [DEBUG] cheese - null
[2020-10-09T15:28:46.587] [DEBUG] cheese - login => username:admin,password:123456
[2020-10-09T15:28:46.587] [DEBUG] cheese - admin
[2020-10-09T15:28:46.590] [DEBUG] cheese - login => username:admin,password:123456
[2020-10-09T15:28:46.590] [DEBUG] cheese - admin
[2020-10-09T15:28:46.595] [DEBUG] cheese - login => username:admin,password:123456
[2020-10-09T15:28:46.596] [DEBUG] cheese - admin
[2020-10-09T15:28:46.600] [DEBUG] cheese - login => username:admin,password:123456
[2020-10-09T15:28:46.600] [DEBUG] cheese - admin
[2020-10-09T15:28:46.610] [DEBUG] cheese - null
[2020-10-09T15:28:46.610] [DEBUG] cheese - null
[2020-10-09T15:28:46.781] [DEBUG] cheese - null
[2020-10-09T15:28:46.781] [DEBUG] cheese - null
[2020-10-09T15:28:46.962] [DEBUG] cheese - null
[2020-10-09T15:28:46.962] [DEBUG] cheese - null
[2020-10-09T15:28:47.136] [DEBUG] cheese - null
[2020-10-09T15:28:47.136] [DEBUG] cheese - null
[2020-10-09T15:28:47.320] [DEBUG] cheese - null
[2020-10-09T15:28:47.320] [DEBUG] cheese - null
[2020-10-09T15:29:16.923] [DEBUG] cheese - login => username:admin,password:123456
[2020-10-09T15:29:16.923] [DEBUG] cheese - admin
[2020-10-09T15:29:23.214] [DEBUG] cheese - login => username:admin,password:123456
[2020-10-09T15:29:23.215] [DEBUG] cheese - admin
[2020-10-09T15:29:23.217] [DEBUG] cheese - login => username:admin,password:123456
[2020-10-09T15:29:23.217] [DEBUG] cheese - admin
[2020-10-09T15:29:23.220] [DEBUG] cheese - login => username:admin,password:123456
[2020-10-09T15:29:23.220] [DEBUG] cheese - admin
[2020-10-09T15:29:23.223] [DEBUG] cheese - null
[2020-10-09T15:29:23.224] [DEBUG] cheese - null
[2020-10-09T15:29:23.402] [DEBUG] cheese - null
[2020-10-09T15:29:23.403] [DEBUG] cheese - null
[2020-10-09T15:29:23.575] [DEBUG] cheese - null
[2020-10-09T15:29:23.575] [DEBUG] cheese - null
[2020-10-09T15:29:23.754] [DEBUG] cheese - null
[2020-10-09T15:29:23.754] [DEBUG] cheese - null
[2020-10-09T15:29:26.459] [DEBUG] cheese - login => username:admin,password:123456
[2020-10-09T15:29:26.460] [DEBUG] cheese - admin
[2020-10-09T15:29:26.464] [DEBUG] cheese - null
[2020-10-09T15:29:26.465] [DEBUG] cheese - null
[2020-10-09T15:29:30.350] [DEBUG] cheese - login => username:admin,password:123456
[2020-10-09T15:29:30.350] [DEBUG] cheese - admin
[2020-10-09T15:29:30.353] [DEBUG] cheese - null
[2020-10-09T15:29:30.353] [DEBUG] cheese - null
[2020-10-09T15:29:32.711] [DEBUG] cheese - login => username:admin,password:123456
[2020-10-09T15:29:32.711] [DEBUG] cheese - admin
[2020-10-09T15:29:32.714] [DEBUG] cheese - null
[2020-10-09T15:29:32.714] [DEBUG] cheese - null
[2020-10-09T15:29:34.605] [DEBUG] cheese - login => username:admin,password:123456
[2020-10-09T15:29:34.605] [DEBUG] cheese - admin
[2020-10-09T15:29:34.607] [DEBUG] cheese - null
[2020-10-09T15:29:34.607] [DEBUG] cheese - null
[2020-10-09T15:30:29.609] [DEBUG] cheese - login => username:admin,password:123456
[2020-10-09T15:30:29.610] [DEBUG] cheese - admin
[2020-10-09T15:30:29.615] [DEBUG] cheese - null
[2020-10-09T15:30:29.616] [DEBUG] cheese - null
[2020-10-09T15:31:02.590] [DEBUG] cheese - login => username:admin,password:123456
[2020-10-09T15:31:02.590] [DEBUG] cheese - admin
[2020-10-09T15:31:02.595] [DEBUG] cheese - null
[2020-10-09T15:31:02.595] [DEBUG] cheese - null
[2020-10-09T15:33:03.434] [DEBUG] cheese - login => username:admin,password:123456
[2020-10-09T15:33:03.434] [DEBUG] cheese - admin
[2020-10-09T15:33:03.439] [DEBUG] cheese - null
[2020-10-09T15:33:03.439] [DEBUG] cheese - null
[2020-10-09T15:38:17.482] [DEBUG] cheese - login => username:admin,password:123456
[2020-10-09T15:38:17.483] [DEBUG] cheese - admin
[2020-10-09T15:38:17.487] [DEBUG] cheese - null
[2020-10-09T15:38:17.487] [DEBUG] cheese - null
[2020-10-16T12:17:32.645] [DEBUG] cheese - login => username:admin,password:123456
[2020-10-16T12:17:32.649] [DEBUG] cheese - admin
[2020-10-16T12:17:32.678] [DEBUG] cheese - null
[2020-10-16T12:17:32.680] [DEBUG] cheese - null
[2020-10-16T13:16:28.257] [DEBUG] cheese - login => username:admin,password:123456
[2020-10-16T13:16:28.259] [DEBUG] cheese - admin
[2020-10-16T13:16:28.286] [DEBUG] cheese - null
[2020-10-16T13:16:28.286] [DEBUG] cheese - null
[2020-10-16T13:17:07.371] [DEBUG] cheese - login => username:admin,password:123456
[2020-10-16T13:17:07.372] [DEBUG] cheese - admin
[2020-10-16T13:17:07.378] [DEBUG] cheese - null
[2020-10-16T13:17:07.378] [DEBUG] cheese - null
[2020-10-16T13:20:26.807] [DEBUG] cheese - login => username:admin,password:123456
[2020-10-16T13:20:26.807] [DEBUG] cheese - admin
[2020-10-16T13:20:26.813] [DEBUG] cheese - null
[2020-10-16T13:20:26.813] [DEBUG] cheese - null
[2020-10-16T13:50:10.047] [DEBUG] cheese - login => username:admin,password:123456
[2020-10-16T13:50:10.047] [DEBUG] cheese - admin
[2020-10-16T13:50:10.053] [DEBUG] cheese - null
[2020-10-16T13:50:10.053] [DEBUG] cheese - null
[2020-10-16T16:58:59.563] [DEBUG] cheese - login => username:linken,password:123456
[2020-10-16T16:58:59.566] [DEBUG] cheese - linken
[2020-10-16T16:59:03.816] [DEBUG] cheese - login => username:linken,password:123456
[2020-10-16T16:59:03.816] [DEBUG] cheese - linken
[2020-10-16T16:59:03.825] [DEBUG] cheese - login => username:linken,password:123456
[2020-10-16T16:59:03.825] [DEBUG] cheese - linken
[2020-10-16T16:59:03.862] [DEBUG] cheese - null
[2020-10-16T16:59:03.862] [DEBUG] cheese - null
[2020-10-16T16:59:03.879] [DEBUG] cheese - null
[2020-10-16T16:59:03.879] [DEBUG] cheese - null
[2020-10-16T16:59:03.880] [DEBUG] cheese - null
[2020-10-16T16:59:03.880] [DEBUG] cheese - null
[2020-10-16T16:59:35.758] [DEBUG] cheese - login => username:admin,password:123456
[2020-10-16T16:59:35.761] [DEBUG] cheese - admin
[2020-10-16T16:59:35.772] [DEBUG] cheese - null
[2020-10-16T16:59:35.774] [DEBUG] cheese - null
[2020-10-16T17:00:12.064] [DEBUG] cheese - login => username:linken,password:123456
[2020-10-16T17:00:12.064] [DEBUG] cheese - linken
[2020-10-16T17:00:12.068] [DEBUG] cheese - null
[2020-10-16T17:00:12.068] [DEBUG] cheese - null
[2020-10-16T17:00:20.448] [DEBUG] cheese - login => username:admin,password:123456
[2020-10-16T17:00:20.448] [DEBUG] cheese - admin
[2020-10-16T17:00:20.452] [DEBUG] cheese - null
[2020-10-16T17:00:20.452] [DEBUG] cheese - null
[2020-10-16T17:16:59.072] [DEBUG] cheese - login => username:admin,password:123456
[2020-10-16T17:16:59.072] [DEBUG] cheese - admin
[2020-10-16T17:16:59.076] [DEBUG] cheese - null
[2020-10-16T17:16:59.076] [DEBUG] cheese - null
[2020-10-16T20:25:48.461] [DEBUG] cheese - login => username:admin,password:123456
[2020-10-16T20:25:48.461] [DEBUG] cheese - admin
[2020-10-16T20:25:48.465] [DEBUG] cheese - null
[2020-10-16T20:25:48.466] [DEBUG] cheese - null
[2020-10-16T20:25:54.608] [DEBUG] cheese - login => username:admin,password:123456
[2020-10-16T20:25:54.608] [DEBUG] cheese - admin
[2020-10-16T20:25:54.610] [DEBUG] cheese - null
[2020-10-16T20:25:54.611] [DEBUG] cheese - null
[2020-10-19T13:55:53.366] [DEBUG] cheese - login => username:admin,password:123456
[2020-10-19T13:55:53.368] [DEBUG] cheese - admin
[2020-10-19T13:55:53.374] [DEBUG] cheese - login => username:admin,password:123456
[2020-10-19T13:55:53.374] [DEBUG] cheese - admin
[2020-10-19T13:55:53.377] [DEBUG] cheese - login => username:admin,password:123456
[2020-10-19T13:55:53.378] [DEBUG] cheese - admin
[2020-10-19T13:55:53.393] [DEBUG] cheese - null
[2020-10-19T13:55:53.394] [DEBUG] cheese - null
[2020-10-19T13:55:53.510] [DEBUG] cheese - null
[2020-10-19T13:55:53.510] [DEBUG] cheese - null
[2020-10-19T13:55:53.603] [DEBUG] cheese - null
[2020-10-19T13:55:53.603] [DEBUG] cheese - null
[2020-10-19T13:56:08.887] [DEBUG] cheese - login => username:admin,password:123456
[2020-10-19T13:56:08.887] [DEBUG] cheese - admin
[2020-10-19T13:56:11.346] [DEBUG] cheese - null
[2020-10-19T13:56:11.346] [DEBUG] cheese - null
[2020-10-19T13:56:15.088] [DEBUG] cheese - login => username:admin,password:123456
[2020-10-19T13:56:15.088] [DEBUG] cheese - admin
[2020-10-19T13:56:15.090] [DEBUG] cheese - null
[2020-10-19T13:56:15.090] [DEBUG] cheese - null
[2020-10-19T13:56:18.190] [DEBUG] cheese - login => username:admin,password:123456
[2020-10-19T13:56:18.190] [DEBUG] cheese - admin
[2020-10-19T13:56:18.193] [DEBUG] cheese - null
[2020-10-19T13:56:18.193] [DEBUG] cheese - null
[2020-10-19T14:06:07.113] [DEBUG] cheese - login => username:admin,password:123456
[2020-10-19T14:06:07.113] [DEBUG] cheese - admin
[2020-10-19T14:06:07.115] [DEBUG] cheese - null
[2020-10-19T14:06:07.116] [DEBUG] cheese - null
[2020-10-19T14:58:35.460] [DEBUG] cheese - login => username:admin,password:123456
[2020-10-19T14:58:35.462] [DEBUG] cheese - admin
[2020-10-19T14:58:35.468] [DEBUG] cheese - null
[2020-10-19T14:58:35.469] [DEBUG] cheese - null
[2020-10-19T14:58:59.691] [DEBUG] cheese - login => username:admin,password:123456
[2020-10-19T14:58:59.692] [DEBUG] cheese - admin
[2020-10-19T14:58:59.695] [DEBUG] cheese - null
[2020-10-19T14:58:59.695] [DEBUG] cheese - null
[2020-10-19T15:05:48.520] [DEBUG] cheese - login => username:admin,password:123456
[2020-10-19T15:05:48.520] [DEBUG] cheese - admin
[2020-10-19T15:05:48.524] [DEBUG] cheese - null
[2020-10-19T15:05:48.524] [DEBUG] cheese - null
[2020-10-19T15:08:31.814] [DEBUG] cheese - login => username:admin,password:123456
[2020-10-19T15:08:31.814] [DEBUG] cheese - admin
[2020-10-19T15:08:31.819] [DEBUG] cheese - null
[2020-10-19T15:08:31.819] [DEBUG] cheese - null
[2020-10-19T15:10:08.335] [DEBUG] cheese - login => username:admin,password:123456
[2020-10-19T15:10:08.335] [DEBUG] cheese - admin
[2020-10-19T15:10:08.340] [DEBUG] cheese - null
[2020-10-19T15:10:08.340] [DEBUG] cheese - null
[2020-10-19T15:12:38.517] [DEBUG] cheese - login => username:admin,password:123456
[2020-10-19T15:12:38.517] [DEBUG] cheese - admin
[2020-10-19T15:12:38.520] [DEBUG] cheese - null
[2020-10-19T15:12:38.520] [DEBUG] cheese - null
[2020-10-19T15:29:22.083] [DEBUG] cheese - login => username:admin,password:123456
[2020-10-19T15:29:22.083] [DEBUG] cheese - admin
[2020-10-19T15:29:22.087] [DEBUG] cheese - null
[2020-10-19T15:29:22.087] [DEBUG] cheese - null
[2020-10-19T15:42:05.241] [DEBUG] cheese - login => username:admin,password:123456
[2020-10-19T15:42:05.241] [DEBUG] cheese - admin
[2020-10-19T15:42:05.244] [DEBUG] cheese - null
[2020-10-19T15:42:05.244] [DEBUG] cheese - null
[2020-10-19T15:42:29.187] [DEBUG] cheese - login => username:admin,password:123456
[2020-10-19T15:42:29.187] [DEBUG] cheese - admin
[2020-10-19T15:42:29.191] [DEBUG] cheese - null
[2020-10-19T15:42:29.191] [DEBUG] cheese - null
[2020-10-19T15:46:05.137] [DEBUG] cheese - login => username:admin,password:123456
[2020-10-19T15:46:05.137] [DEBUG] cheese - admin
[2020-10-19T15:46:05.141] [DEBUG] cheese - null
[2020-10-19T15:46:05.141] [DEBUG] cheese - null
[2020-10-19T15:48:38.569] [DEBUG] cheese - login => username:admin,password:123456
[2020-10-19T15:48:38.569] [DEBUG] cheese - admin
[2020-10-19T15:48:38.571] [DEBUG] cheese - null
[2020-10-19T15:48:38.571] [DEBUG] cheese - null
[2020-10-19T16:02:00.801] [DEBUG] cheese - login => username:admin,password:123456
[2020-10-19T16:02:00.801] [DEBUG] cheese - admin
[2020-10-19T16:02:00.803] [DEBUG] cheese - null
[2020-10-19T16:02:00.803] [DEBUG] cheese - null
[2020-10-19T16:32:23.226] [DEBUG] cheese - login => username:admin,password:123456
[2020-10-19T16:32:23.226] [DEBUG] cheese - admin
[2020-10-19T16:32:23.231] [DEBUG] cheese - null
[2020-10-19T16:32:23.231] [DEBUG] cheese - null
[2020-10-19T16:33:10.898] [DEBUG] cheese - login => username:admin,password:123456
[2020-10-19T16:33:10.898] [DEBUG] cheese - admin
[2020-10-19T16:33:10.902] [DEBUG] cheese - null
[2020-10-19T16:33:10.902] [DEBUG] cheese - null
[2020-10-19T16:54:39.877] [DEBUG] cheese - login => username:admin,password:123456
[2020-10-19T16:54:39.878] [DEBUG] cheese - admin
[2020-10-19T16:54:39.883] [DEBUG] cheese - null
[2020-10-19T16:54:39.883] [DEBUG] cheese - null
[2020-10-19T16:57:38.271] [DEBUG] cheese - login => username:admin,password:123456
[2020-10-19T16:57:38.274] [DEBUG] cheese - admin
[2020-10-19T16:57:38.297] [DEBUG] cheese - null
[2020-10-19T16:57:38.298] [DEBUG] cheese - null
[2020-10-19T17:36:31.970] [DEBUG] cheese - login => username:admin,password:123456
[2020-10-19T17:36:31.974] [DEBUG] cheese - admin
[2020-10-19T17:36:32.000] [DEBUG] cheese - null
[2020-10-19T17:36:32.000] [DEBUG] cheese - null
[2020-10-19T18:21:08.400] [DEBUG] cheese - login => username:admin,password:123456
[2020-10-19T18:21:08.400] [DEBUG] cheese - admin
[2020-10-19T18:21:08.404] [DEBUG] cheese - null
[2020-10-19T18:21:08.404] [DEBUG] cheese - null
[2020-10-19T18:34:38.267] [DEBUG] cheese - login => username:linken,password:123456
[2020-10-19T18:34:38.267] [DEBUG] cheese - linken
[2020-10-19T18:34:38.269] [DEBUG] cheese - null
[2020-10-19T18:34:38.269] [DEBUG] cheese - null
[2020-10-19T18:34:54.383] [DEBUG] cheese - login => username:admin,password:123456
[2020-10-19T18:34:54.383] [DEBUG] cheese - admin
[2020-10-19T18:34:54.388] [DEBUG] cheese - null
[2020-10-19T18:34:54.388] [DEBUG] cheese - null
[2020-10-19T18:35:01.224] [DEBUG] cheese - login => username:linken,password:123456
[2020-10-19T18:35:01.224] [DEBUG] cheese - linken
[2020-10-19T18:35:01.226] [DEBUG] cheese - null
[2020-10-19T18:35:01.226] [DEBUG] cheese - null
[2020-10-19T18:35:05.397] [DEBUG] cheese - login => username:admin,password:123456
[2020-10-19T18:35:05.397] [DEBUG] cheese - admin
[2020-10-19T18:35:05.399] [DEBUG] cheese - null
[2020-10-19T18:35:05.399] [DEBUG] cheese - null
[2020-10-20T13:23:56.416] [DEBUG] cheese - login => username:admin,password:123456
[2020-10-20T13:23:56.418] [DEBUG] cheese - admin
[2020-10-20T13:23:56.438] [DEBUG] cheese - null
[2020-10-20T13:23:56.439] [DEBUG] cheese - null
[2020-10-20T14:15:09.662] [DEBUG] cheese - login => username:admin,password:123456
[2020-10-20T14:15:09.663] [DEBUG] cheese - admin
[2020-10-20T14:15:09.673] [DEBUG] cheese - null
[2020-10-20T14:15:09.673] [DEBUG] cheese - null
[2020-10-20T14:25:15.013] [DEBUG] cheese - login => username:admin,password:123456
[2020-10-20T14:25:15.017] [DEBUG] cheese - admin
[2020-10-20T14:25:15.033] [DEBUG] cheese - null
[2020-10-20T14:25:15.033] [DEBUG] cheese - null
[2020-10-20T15:31:23.714] [DEBUG] cheese - login => username:admin1,password:123456
[2020-10-20T15:31:23.714] [DEBUG] cheese - admin1
[2020-10-20T15:31:23.716] [DEBUG] cheese - null
[2020-10-20T15:31:23.717] [DEBUG] cheese - null
[2020-10-20T15:31:24.967] [DEBUG] cheese - login => username:admin1,password:123456
[2020-10-20T15:31:24.967] [DEBUG] cheese - admin1
[2020-10-20T15:31:24.969] [DEBUG] cheese - null
[2020-10-20T15:31:24.969] [DEBUG] cheese - null
[2020-10-20T15:31:28.181] [DEBUG] cheese - login => username:admin,password:123456
[2020-10-20T15:31:28.181] [DEBUG] cheese - admin
[2020-10-20T15:31:28.182] [DEBUG] cheese - null
[2020-10-20T15:31:28.183] [DEBUG] cheese - null
[2020-10-20T15:31:52.223] [DEBUG] cheese - login => username:admin1,password:123456
[2020-10-20T15:31:52.224] [DEBUG] cheese - admin1
[2020-10-20T15:31:52.226] [DEBUG] cheese - null
[2020-10-20T15:31:52.226] [DEBUG] cheese - null
[2020-10-20T15:31:54.254] [DEBUG] cheese - login => username:admin,password:123456
[2020-10-20T15:31:54.254] [DEBUG] cheese - admin
[2020-10-20T15:31:54.256] [DEBUG] cheese - null
[2020-10-20T15:31:54.256] [DEBUG] cheese - null
[2020-10-20T15:32:05.867] [DEBUG] cheese - login => username:linken,password:123456
[2020-10-20T15:32:05.867] [DEBUG] cheese - linken
[2020-10-20T15:32:05.870] [DEBUG] cheese - null
[2020-10-20T15:32:05.870] [DEBUG] cheese - null
[2020-10-20T15:32:12.294] [DEBUG] cheese - login => username:admin,password:123456
[2020-10-20T15:32:12.295] [DEBUG] cheese - admin
[2020-10-20T15:32:12.297] [DEBUG] cheese - null
[2020-10-20T15:32:12.297] [DEBUG] cheese - null
[2020-10-26T09:38:00.604] [DEBUG] cheese - login => username:admin,password:123456
[2020-10-26T09:38:00.608] [DEBUG] cheese - admin
[2020-10-26T09:38:00.639] [DEBUG] cheese - null
[2020-10-26T09:38:00.640] [DEBUG] cheese - null
[2020-10-26T09:46:16.178] [DEBUG] cheese - login => username:admin1,password:123456
[2020-10-26T09:46:16.179] [DEBUG] cheese - admin1
[2020-10-26T09:46:16.184] [DEBUG] cheese - null
[2020-10-26T09:46:16.184] [DEBUG] cheese - null
[2020-10-26T09:46:18.363] [DEBUG] cheese - login => username:admin,password:123456
[2020-10-26T09:46:18.364] [DEBUG] cheese - admin
[2020-10-26T09:46:18.368] [DEBUG] cheese - null
[2020-10-26T09:46:18.369] [DEBUG] cheese - null
[2020-10-26T09:47:15.823] [DEBUG] cheese - login => username:admin2,password:123456
[2020-10-26T09:47:15.823] [DEBUG] cheese - admin2
[2020-10-26T09:47:15.827] [DEBUG] cheese - null
[2020-10-26T09:47:15.828] [DEBUG] cheese - null
[2020-10-26T09:47:18.585] [DEBUG] cheese - login => username:admin,password:123456
[2020-10-26T09:47:18.585] [DEBUG] cheese - admin
[2020-10-26T09:47:18.592] [DEBUG] cheese - null
[2020-10-26T09:47:18.592] [DEBUG] cheese - null
[2020-10-26T09:47:50.459] [DEBUG] cheese - login => username:admin2,password:123456
[2020-10-26T09:47:50.460] [DEBUG] cheese - admin2
[2020-10-26T09:47:50.463] [DEBUG] cheese - null
[2020-10-26T09:47:50.464] [DEBUG] cheese - null
[2020-10-26T09:47:52.563] [DEBUG] cheese - login => username:admin,password:123456
[2020-10-26T09:47:52.563] [DEBUG] cheese - admin
[2020-10-26T09:47:52.570] [DEBUG] cheese - null
[2020-10-26T09:47:52.570] [DEBUG] cheese - null
[2020-10-26T09:48:54.679] [DEBUG] cheese - login => username:admin2,password:123456
[2020-10-26T09:48:54.680] [DEBUG] cheese - admin2
[2020-10-26T09:48:54.683] [DEBUG] cheese - null
[2020-10-26T09:48:54.684] [DEBUG] cheese - null
[2020-10-26T09:49:44.560] [DEBUG] cheese - login => username:linken,password:123456
[2020-10-26T09:49:44.560] [DEBUG] cheese - linken
[2020-10-26T09:49:44.565] [DEBUG] cheese - null
[2020-10-26T09:49:44.565] [DEBUG] cheese - null
[2020-10-26T09:49:55.193] [DEBUG] cheese - login => username:admin2,password:123456
[2020-10-26T09:49:55.193] [DEBUG] cheese - admin2
[2020-10-26T09:49:55.198] [DEBUG] cheese - null
[2020-10-26T09:49:55.198] [DEBUG] cheese - null
[2020-10-26T09:50:04.567] [DEBUG] cheese - login => username:admin,password:123456
[2020-10-26T09:50:04.567] [DEBUG] cheese - admin
[2020-10-26T09:50:04.571] [DEBUG] cheese - null
[2020-10-26T09:50:04.571] [DEBUG] cheese - null
[2020-10-26T09:50:07.184] [DEBUG] cheese - login => username:admin,password:123456
[2020-10-26T09:50:07.184] [DEBUG] cheese - admin
[2020-10-26T09:50:07.187] [DEBUG] cheese - null
[2020-10-26T09:50:07.187] [DEBUG] cheese - null
[2020-10-26T10:07:20.233] [DEBUG] cheese - login => username:admin,password:123456
[2020-10-26T10:07:20.233] [DEBUG] cheese - admin
[2020-10-26T10:07:20.236] [DEBUG] cheese - null
[2020-10-26T10:07:20.237] [DEBUG] cheese - null
[2020-10-26T10:43:13.734] [DEBUG] cheese - login => username:admin,password:123456
[2020-10-26T10:43:13.734] [DEBUG] cheese - admin
[2020-10-26T10:43:13.739] [DEBUG] cheese - login => username:admin,password:123456
[2020-10-26T10:43:13.739] [DEBUG] cheese - admin
[2020-10-26T10:43:13.745] [DEBUG] cheese - login => username:admin,password:123456
[2020-10-26T10:43:13.745] [DEBUG] cheese - admin
[2020-10-26T10:43:13.751] [DEBUG] cheese - login => username:admin,password:123456
[2020-10-26T10:43:13.751] [DEBUG] cheese - admin
[2020-10-26T10:43:13.766] [DEBUG] cheese - null
[2020-10-26T10:43:13.767] [DEBUG] cheese - null
[2020-10-26T10:43:13.947] [DEBUG] cheese - null
[2020-10-26T10:43:13.947] [DEBUG] cheese - null
[2020-10-26T10:43:14.143] [DEBUG] cheese - null
[2020-10-26T10:43:14.144] [DEBUG] cheese - null
[2020-10-26T10:43:14.344] [DEBUG] cheese - null
[2020-10-26T10:43:14.345] [DEBUG] cheese - null
[2020-10-26T10:43:42.689] [DEBUG] cheese - login => username:admin,password:123456
[2020-10-26T10:43:42.690] [DEBUG] cheese - admin
[2020-10-26T10:43:42.700] [DEBUG] cheese - null
[2020-10-26T10:43:42.700] [DEBUG] cheese - null
[2020-10-26T10:44:46.542] [DEBUG] cheese - login => username:admin,password:123456
[2020-10-26T10:44:46.547] [DEBUG] cheese - admin
[2020-10-26T10:44:46.571] [DEBUG] cheese - null
[2020-10-26T10:44:46.572] [DEBUG] cheese - null
[2020-10-26T11:31:41.927] [DEBUG] cheese - login => username:asdasasd,password:123456
[2020-10-26T11:31:41.929] [DEBUG] cheese - asdasasd
[2020-10-26T11:31:41.935] [DEBUG] cheese - null
[2020-10-26T11:31:41.935] [DEBUG] cheese - null
[2020-10-26T11:32:17.677] [DEBUG] cheese - login => username:asdasasd,password:123456
[2020-10-26T11:32:17.677] [DEBUG] cheese - asdasasd
[2020-10-26T11:32:17.681] [DEBUG] cheese - null
[2020-10-26T11:32:17.682] [DEBUG] cheese - null
[2020-10-26T11:35:09.206] [DEBUG] cheese - login => username:admin,password:123456
[2020-10-26T11:35:09.206] [DEBUG] cheese - admin
[2020-10-26T11:35:09.212] [DEBUG] cheese - null
[2020-10-26T11:35:09.212] [DEBUG] cheese - null
[2020-10-26T11:37:01.842] [DEBUG] cheese - login => username:admin,password:123456
[2020-10-26T11:37:01.842] [DEBUG] cheese - admin
[2020-10-26T11:37:01.849] [DEBUG] cheese - null
[2020-10-26T11:37:01.849] [DEBUG] cheese - null
[2020-10-26T11:37:53.693] [DEBUG] cheese - login => username:admin,password:123456
[2020-10-26T11:37:53.694] [DEBUG] cheese - admin
[2020-10-26T11:37:53.697] [DEBUG] cheese - null
[2020-10-26T11:37:53.698] [DEBUG] cheese - null
[2020-10-26T11:38:06.533] [DEBUG] cheese - login => username:admin,password:123456
[2020-10-26T11:38:06.534] [DEBUG] cheese - admin
[2020-10-26T11:38:06.538] [DEBUG] cheese - null
[2020-10-26T11:38:06.538] [DEBUG] cheese - null
[2020-10-26T14:07:47.377] [DEBUG] cheese - login => username:admin,password:123456
[2020-10-26T14:07:47.387] [DEBUG] cheese - admin
[2020-10-26T14:07:47.447] [DEBUG] cheese - null
[2020-10-26T14:07:47.449] [DEBUG] cheese - null
[2020-10-26T14:14:44.361] [DEBUG] cheese - login => username:admin,password:123456
[2020-10-26T14:14:44.361] [DEBUG] cheese - admin
[2020-10-26T14:14:44.368] [DEBUG] cheese - null
[2020-10-26T14:14:44.368] [DEBUG] cheese - null
[2020-10-26T14:32:47.269] [DEBUG] cheese - login => username:admin,password:123456
[2020-10-26T14:32:47.269] [DEBUG] cheese - admin
[2020-10-26T14:32:47.272] [DEBUG] cheese - null
[2020-10-26T14:32:47.272] [DEBUG] cheese - null
[2020-10-26T15:41:19.055] [DEBUG] cheese - login => username:admin,password:123456
[2020-10-26T15:41:19.056] [DEBUG] cheese - admin
[2020-10-26T15:41:19.059] [DEBUG] cheese - null
[2020-10-26T15:41:19.059] [DEBUG] cheese - null
[2020-10-26T16:12:39.159] [DEBUG] cheese - login => username:admin,password:123456
[2020-10-26T16:12:39.159] [DEBUG] cheese - admin
[2020-10-26T16:12:39.161] [DEBUG] cheese - null
[2020-10-26T16:12:39.161] [DEBUG] cheese - null
[2020-10-26T16:54:22.726] [DEBUG] cheese - login => username:admin,password:123456
[2020-10-26T16:54:22.727] [DEBUG] cheese - admin
[2020-10-26T16:54:22.729] [DEBUG] cheese - null
[2020-10-26T16:54:22.730] [DEBUG] cheese - null
[2020-10-26T17:10:34.926] [DEBUG] cheese - null
[2020-10-29T17:42:07.533] [DEBUG] cheese - login => username:admin,password:123456
[2020-10-29T17:42:07.534] [DEBUG] cheese - admin
[2020-10-29T17:42:07.545] [DEBUG] cheese - null
[2020-10-29T17:42:07.546] [DEBUG] cheese - null
[2020-10-29T17:42:11.728] [DEBUG] cheese - login => username:admin,password:123456
[2020-10-29T17:42:11.729] [DEBUG] cheese - admin
[2020-10-29T17:42:11.737] [DEBUG] cheese - null
[2020-10-29T17:42:11.737] [DEBUG] cheese - null
[2020-10-29T17:42:29.889] [DEBUG] cheese - null
[2020-10-29T19:15:55.491] [DEBUG] cheese - login => username:admin,password:123456
[2020-10-29T19:15:55.491] [DEBUG] cheese - admin
[2020-10-29T19:15:55.494] [DEBUG] cheese - null
[2020-10-29T19:15:55.494] [DEBUG] cheese - null
[2020-11-02T13:06:58.427] [DEBUG] cheese - login => username:admin,password:123456
[2020-11-02T13:06:58.429] [DEBUG] cheese - admin
[2020-11-02T13:06:58.439] [DEBUG] cheese - null
[2020-11-02T13:06:58.439] [DEBUG] cheese - null
[2020-11-02T14:20:48.722] [DEBUG] cheese - login => username:admin,password:123456
[2020-11-02T14:20:48.723] [DEBUG] cheese - admin
[2020-11-02T14:20:48.731] [DEBUG] cheese - null
[2020-11-02T14:20:48.731] [DEBUG] cheese - null
[2020-11-02T17:09:08.005] [DEBUG] cheese - login => username:admin,password:123456
[2020-11-02T17:09:08.006] [DEBUG] cheese - admin
[2020-11-02T17:09:15.580] [DEBUG] cheese - null
[2020-11-02T17:09:15.580] [DEBUG] cheese - null
[2020-11-02T17:09:33.653] [DEBUG] cheese - login => username:admin,password:123456
[2020-11-02T17:09:33.653] [DEBUG] cheese - admin
[2020-11-02T17:09:33.656] [DEBUG] cheese - null
[2020-11-02T17:09:33.656] [DEBUG] cheese - null
[2020-11-02T17:10:27.712] [DEBUG] cheese - login => username:admin,password:123456
[2020-11-02T17:10:27.713] [DEBUG] cheese - admin
[2020-11-02T17:10:27.718] [DEBUG] cheese - null
[2020-11-02T17:10:27.718] [DEBUG] cheese - null
[2020-11-02T18:06:27.218] [DEBUG] cheese - login => username:admin,password:123456
[2020-11-02T18:06:27.219] [DEBUG] cheese - admin
[2020-11-02T18:06:27.230] [DEBUG] cheese - null
[2020-11-02T18:06:27.231] [DEBUG] cheese - null
[2020-11-02T18:30:11.825] [DEBUG] cheese - login => username:admin,password:123456
[2020-11-02T18:30:11.825] [DEBUG] cheese - admin
[2020-11-02T18:30:19.710] [DEBUG] cheese - login => username:admin,password:123456
[2020-11-02T18:30:19.710] [DEBUG] cheese - admin
[2020-11-02T18:30:19.712] [DEBUG] cheese - null
[2020-11-02T18:30:19.712] [DEBUG] cheese - null
[2020-11-02T18:30:19.794] [DEBUG] cheese - null
[2020-11-02T18:30:19.794] [DEBUG] cheese - null
[2020-11-02T18:30:27.684] [DEBUG] cheese - login => username:admin,password:123456
[2020-11-02T18:30:27.684] [DEBUG] cheese - admin
[2020-11-02T18:30:27.685] [DEBUG] cheese - null
[2020-11-02T18:30:27.686] [DEBUG] cheese - null
[2020-11-04T16:20:33.679] [DEBUG] cheese - login => username:admin,password:123456
[2020-11-04T16:20:33.682] [DEBUG] cheese - admin
[2020-11-04T16:20:33.707] [DEBUG] cheese - null
[2020-11-04T16:20:33.708] [DEBUG] cheese - null
[2020-11-04T16:51:01.922] [DEBUG] cheese - login => username:admin,password:123456
[2020-11-04T16:51:01.923] [DEBUG] cheese - admin
[2020-11-04T16:51:01.926] [DEBUG] cheese - null
[2020-11-04T16:51:01.926] [DEBUG] cheese - null
[2020-11-05T20:10:03.121] [DEBUG] cheese - login => username:admin,password:123456
[2020-11-05T20:10:03.124] [DEBUG] cheese - admin
[2020-11-05T20:10:03.150] [DEBUG] cheese - null
[2020-11-05T20:10:03.151] [DEBUG] cheese - null
[2020-11-05T20:51:54.147] [DEBUG] cheese - login => username:admin,password:123456
[2020-11-05T20:51:54.150] [DEBUG] cheese - admin
[2020-11-05T20:51:54.163] [DEBUG] cheese - null
[2020-11-05T20:51:54.163] [DEBUG] cheese - null
[2020-11-05T21:28:59.041] [DEBUG] cheese - login => username:admin,password:123456
[2020-11-05T21:28:59.043] [DEBUG] cheese - admin
[2020-11-05T21:28:59.053] [DEBUG] cheese - null
[2020-11-05T21:28:59.054] [DEBUG] cheese - null
[2020-11-09T13:49:36.418] [DEBUG] cheese - login => username:admin,password:123456
[2020-11-09T13:49:36.419] [DEBUG] cheese - admin
[2020-11-09T13:49:36.433] [DEBUG] cheese - null
[2020-11-09T13:49:36.433] [DEBUG] cheese - null
[2020-11-09T16:19:00.361] [DEBUG] cheese - login => username:admin,password:123456
[2020-11-09T16:19:00.463] [DEBUG] cheese - admin
[2020-11-09T16:19:00.467] [DEBUG] cheese - null
[2020-11-09T16:19:00.468] [DEBUG] cheese - null
[2020-11-10T14:41:51.767] [DEBUG] cheese - login => username:admin,password:123456
[2020-11-10T14:41:51.771] [DEBUG] cheese - admin
[2020-11-10T14:41:51.808] [DEBUG] cheese - null
[2020-11-10T14:41:51.809] [DEBUG] cheese - null
[2020-11-11T20:36:19.123] [DEBUG] cheese - login => username:admin,password:123456
[2020-11-11T20:36:19.126] [DEBUG] cheese - admin
[2020-11-11T20:36:19.140] [DEBUG] cheese - null
[2020-11-11T20:36:19.140] [DEBUG] cheese - null
[2020-11-11T20:43:37.184] [DEBUG] cheese - login => username:admin,password:123456
[2020-11-11T20:43:37.185] [DEBUG] cheese - admin
[2020-11-11T20:43:37.190] [DEBUG] cheese - null
[2020-11-11T20:43:37.190] [DEBUG] cheese - null
[2020-11-11T22:36:12.209] [DEBUG] cheese - login => username:admin,password:123456
[2020-11-11T22:36:12.216] [DEBUG] cheese - admin
[2020-11-11T22:36:12.232] [DEBUG] cheese - null
[2020-11-11T22:36:12.233] [DEBUG] cheese - null
[2020-11-12T21:05:09.959] [DEBUG] cheese - login => username:admin,password:123456
[2020-11-12T21:05:09.961] [DEBUG] cheese - admin
[2020-11-12T21:05:09.972] [DEBUG] cheese - null
[2020-11-12T21:05:09.972] [DEBUG] cheese - null
[2020-11-14T17:30:23.951] [DEBUG] cheese - login => username:admin,password:123456
[2020-11-14T17:30:23.953] [DEBUG] cheese - admin
[2020-11-14T17:30:23.964] [DEBUG] cheese - null
[2020-11-14T17:30:23.964] [DEBUG] cheese - null
[2020-11-14T18:55:43.225] [DEBUG] cheese - login => username:admin,password:123456
[2020-11-14T18:55:43.226] [DEBUG] cheese - admin
[2020-11-14T18:55:43.236] [DEBUG] cheese - null
[2020-11-14T18:55:43.237] [DEBUG] cheese - null
[2020-11-14T19:28:30.888] [DEBUG] cheese - login => username:admin,password:123456
[2020-11-14T19:28:30.891] [DEBUG] cheese - admin
[2020-11-14T19:28:30.899] [DEBUG] cheese - null
[2020-11-14T19:28:30.900] [DEBUG] cheese - null
[2020-11-14T21:16:32.853] [DEBUG] cheese - login => username:admin,password:123456
[2020-11-14T21:16:32.854] [DEBUG] cheese - admin
[2020-11-14T21:16:32.858] [DEBUG] cheese - null
[2020-11-14T21:16:32.859] [DEBUG] cheese - null
[2020-11-14T21:31:57.531] [DEBUG] cheese - login => username:admin,password:123456
[2020-11-14T21:31:57.535] [DEBUG] cheese - admin
[2020-11-14T21:31:57.569] [DEBUG] cheese - null
[2020-11-14T21:31:57.570] [DEBUG] cheese - null
[2020-11-14T21:38:49.891] [DEBUG] cheese - null
[2020-11-14T21:40:39.538] [DEBUG] cheese - null
[2020-11-14T21:40:45.837] [DEBUG] cheese - null
[2020-11-14T21:41:44.448] [DEBUG] cheese - null
[2020-11-14T21:41:50.841] [DEBUG] cheese - null
[2020-11-14T21:42:00.344] [DEBUG] cheese - null
[2020-11-14T21:42:14.832] [DEBUG] cheese - null
[2020-11-14T21:42:16.335] [DEBUG] cheese - null
[2020-11-14T21:42:24.290] [DEBUG] cheese - null
[2020-11-14T21:43:17.965] [DEBUG] cheese - null
[2020-11-15T20:46:08.879] [DEBUG] cheese - login => username:admin,password:123456
[2020-11-15T20:46:08.883] [DEBUG] cheese - admin
[2020-11-15T20:46:08.905] [DEBUG] cheese - null
[2020-11-15T20:46:08.906] [DEBUG] cheese - null
[2020-11-15T21:37:55.966] [DEBUG] cheese - null
[2020-11-15T21:38:02.496] [DEBUG] cheese - null
[2020-11-15T21:39:18.738] [DEBUG] cheese - null
[2020-11-15T21:39:36.066] [DEBUG] cheese - null
[2020-11-15T21:41:50.603] [DEBUG] cheese - null
[2020-11-15T21:56:49.020] [DEBUG] cheese - null
[2020-11-15T21:57:38.353] [DEBUG] cheese - null
[2020-11-15T23:17:48.303] [DEBUG] cheese - login => username:admin,password:123456
[2020-11-15T23:17:48.309] [DEBUG] cheese - admin
[2020-11-15T23:17:48.323] [DEBUG] cheese - null
[2020-11-15T23:17:48.325] [DEBUG] cheese - null
[2020-11-16T13:40:51.918] [DEBUG] cheese - login => username:admin,password:123456
[2020-11-16T13:40:51.921] [DEBUG] cheese - admin
[2020-11-16T13:40:51.944] [DEBUG] cheese - null
[2020-11-16T13:40:51.945] [DEBUG] cheese - null
[2020-11-16T13:59:13.939] [DEBUG] cheese - login => username:admin,password:123456
[2020-11-16T13:59:13.939] [DEBUG] cheese - admin
[2020-11-16T13:59:13.942] [DEBUG] cheese - null
[2020-11-16T13:59:13.942] [DEBUG] cheese - null
[2020-11-16T14:31:24.578] [DEBUG] cheese - login => username:admin,password:123456
[2020-11-16T14:31:24.579] [DEBUG] cheese - admin
[2020-11-16T14:31:24.590] [DEBUG] cheese - null
[2020-11-16T14:31:24.591] [DEBUG] cheese - null
[2020-11-16T14:31:40.282] [DEBUG] cheese - login => username:admin,password:123456
[2020-11-16T14:31:40.283] [DEBUG] cheese - admin
[2020-11-16T14:31:40.287] [DEBUG] cheese - null
[2020-11-16T14:31:40.288] [DEBUG] cheese - null
[2020-11-16T14:35:55.509] [DEBUG] cheese - login => username:admin,password:123456
[2020-11-16T14:35:55.511] [DEBUG] cheese - admin
[2020-11-16T14:35:55.518] [DEBUG] cheese - null
[2020-11-16T14:35:55.519] [DEBUG] cheese - null
[2020-11-16T14:54:07.314] [DEBUG] cheese - login => username:admin,password:123456
[2020-11-16T14:54:07.314] [DEBUG] cheese - admin
[2020-11-16T14:54:07.318] [DEBUG] cheese - null
[2020-11-16T14:54:07.318] [DEBUG] cheese - null
[2020-11-16T14:57:06.543] [DEBUG] cheese - login => username:admin,password:123456
[2020-11-16T14:57:06.546] [DEBUG] cheese - admin
[2020-11-16T14:57:06.555] [DEBUG] cheese - null
[2020-11-16T14:57:06.557] [DEBUG] cheese - null
[2020-11-16T15:03:13.786] [DEBUG] cheese - login => username:admin,password:123456
[2020-11-16T15:03:13.786] [DEBUG] cheese - admin
[2020-11-16T15:03:13.791] [DEBUG] cheese - null
[2020-11-16T15:03:13.792] [DEBUG] cheese - null
[2020-11-16T15:03:40.011] [DEBUG] cheese - login => username:admin,password:123456
[2020-11-16T15:03:40.011] [DEBUG] cheese - admin
[2020-11-16T15:03:40.016] [DEBUG] cheese - null
[2020-11-16T15:03:40.016] [DEBUG] cheese - null
[2020-11-16T15:19:17.763] [DEBUG] cheese - login => username:admin,password:123456
[2020-11-16T15:19:17.763] [DEBUG] cheese - admin
[2020-11-16T15:19:17.768] [DEBUG] cheese - null
[2020-11-16T15:19:17.768] [DEBUG] cheese - null
[2020-11-16T16:17:06.251] [DEBUG] cheese - login => username:admin,password:123456
[2020-11-16T16:17:06.255] [DEBUG] cheese - admin
[2020-11-16T16:17:06.271] [DEBUG] cheese - login => username:admin,password:123456
[2020-11-16T16:17:06.272] [DEBUG] cheese - admin
[2020-11-16T16:17:06.305] [DEBUG] cheese - null
[2020-11-16T16:17:06.306] [DEBUG] cheese - null
[2020-11-16T16:17:06.557] [DEBUG] cheese - null
[2020-11-16T16:17:06.557] [DEBUG] cheese - null
[2020-11-16T16:30:50.873] [DEBUG] cheese - login => username:admin,password:123456
[2020-11-16T16:30:50.876] [DEBUG] cheese - admin
[2020-11-16T16:30:50.881] [DEBUG] cheese - null
[2020-11-16T16:30:50.882] [DEBUG] cheese - null
[2020-11-16T16:34:42.395] [DEBUG] cheese - login => username:admin,password:123456
[2020-11-16T16:34:42.395] [DEBUG] cheese - admin
[2020-11-16T16:34:42.403] [DEBUG] cheese - null
[2020-11-16T16:34:42.404] [DEBUG] cheese - null
[2020-11-16T16:56:54.123] [DEBUG] cheese - login => username:admin,password:123456
[2020-11-16T16:56:54.126] [DEBUG] cheese - admin
[2020-11-16T16:56:54.156] [DEBUG] cheese - null
[2020-11-16T16:56:54.157] [DEBUG] cheese - null
[2020-11-16T17:20:21.816] [DEBUG] cheese - login => username:admin,password:123456
[2020-11-16T17:20:21.817] [DEBUG] cheese - admin
[2020-11-16T17:20:21.831] [DEBUG] cheese - null
[2020-11-16T17:20:21.831] [DEBUG] cheese - null
[2020-11-16T17:34:16.247] [DEBUG] cheese - login => username:admin,password:123456
[2020-11-16T17:34:16.251] [DEBUG] cheese - admin
[2020-11-16T17:34:16.278] [DEBUG] cheese - null
[2020-11-16T17:34:16.279] [DEBUG] cheese - null
[2020-11-16T17:37:05.056] [DEBUG] cheese - login => username:admin,password:123456
[2020-11-16T17:37:05.061] [DEBUG] cheese - admin
[2020-11-16T17:37:05.087] [DEBUG] cheese - null
[2020-11-16T17:37:05.088] [DEBUG] cheese - null
[2020-11-16T17:37:21.267] [DEBUG] cheese - login => username:admin,password:123456
[2020-11-16T17:37:21.267] [DEBUG] cheese - admin
[2020-11-16T17:37:21.271] [DEBUG] cheese - null
[2020-11-16T17:37:21.271] [DEBUG] cheese - null
[2020-11-16T17:39:18.927] [DEBUG] cheese - login => username:admin,password:123456
[2020-11-16T17:39:18.928] [DEBUG] cheese - admin
[2020-11-16T17:39:18.936] [DEBUG] cheese - null
[2020-11-16T17:39:18.937] [DEBUG] cheese - null
